#
# There is insufficient memory for the Java Runtime Environment to continue.
# Native memory allocation (mmap) failed to map 67108864 bytes for Failed to commit area from 0x00000000c0000000 to 0x00000000c4000000 of length 67108864.
# Possible reasons:
#   The system is out of physical RAM or swap space
#   The process is running with CompressedOops enabled, and the Java Heap may be blocking the growth of the native heap
# Possible solutions:
#   Reduce memory load on the system
#   Increase physical memory or swap space
#   Check if swap backing store is full
#   Decrease Java heap size (-Xmx/-Xms)
#   Decrease number of Java threads
#   Decrease Java thread stack sizes (-Xss)
#   Set larger code cache with -XX:ReservedCodeCacheSize=
# This output file may be truncated or incomplete.
#
#  Out of Memory Error (t:/workspace/hotspot/src/os/windows/vm/os_windows.cpp:3357), pid=7236, tid=4860
#
# JRE version:  (9.0+11) (build )
# Java VM: Java HotSpot(TM) 64-Bit Server VM (9.0.1+11, mixed mode, tiered, compressed oops, g1 gc, windows-amd64)
# No core dump will be written. Minidumps are not enabled by default on client versions of Windows
#

---------------  S U M M A R Y ------------

Command Line: -Dclassworlds.conf=C:\apache-maven\bin\..\bin\m2.conf -Dmaven.home=C:\apache-maven\bin\.. -Dlibrary.jansi.path=C:\apache-maven\bin\..\lib\jansi-native -Dmaven.multiModuleProjectDirectory=c:\web_lab3\enroller-fullstack org.codehaus.plexus.classworlds.launcher.Launcher help:effective-pom -Doutput=C:\Users\Student16\AppData\Roaming\Code\User\workspaceStorage\56321f419ded147c076bc132d38081fd\vscjava.vscode-maven\59061640d11fadc025e879a8a832aebc -f c:\web_lab3\enroller-fullstack\pom.xml

Host: Intel(R) Xeon(R) CPU           E5649  @ 2.53GHz, 2 cores, 3G,  Windows 10 , 64 bit Build 10586 (10.0.10586.0)
Time: Sun Apr 28 13:19:16 2019 Central European Daylight Time elapsed time: 0 seconds (0d 0h 0m 0s)

---------------  T H R E A D  ---------------

Current thread (0x000001bad0b8a000):  JavaThread "Unknown thread" [_thread_in_vm, id=4860, stack(0x00000011c2f00000,0x00000011c3000000)]

Stack: [0x00000011c2f00000,0x00000011c3000000]
Native frames: (J=compiled Java code, j=interpreted, Vv=VM code, C=native code)
V  [jvm.dll+0x5870b8]
V  [jvm.dll+0x69c0ee]
V  [jvm.dll+0x69d00a]
V  [jvm.dll+0x69d643]
V  [jvm.dll+0x21d148]
V  [jvm.dll+0x584bf4]
V  [jvm.dll+0x57a005]
V  [jvm.dll+0x2cd46b]
V  [jvm.dll+0x2cd3d3]
V  [jvm.dll+0x2cd2a2]
V  [jvm.dll+0x2cf2a3]
V  [jvm.dll+0x319203]
V  [jvm.dll+0x319916]
V  [jvm.dll+0x319303]
V  [jvm.dll+0x2adbf8]
V  [jvm.dll+0x2aee37]
V  [jvm.dll+0x67b1ed]
V  [jvm.dll+0x67c5ac]
V  [jvm.dll+0x3269c9]
V  [jvm.dll+0x6653ee]
V  [jvm.dll+0x391931]
V  [jvm.dll+0x3938e1]
C  [java.exe+0x34f1]
C  [java.exe+0xe24f]
C  [java.exe+0xe3f6]
C  [KERNEL32.DLL+0x18102]
C  [ntdll.dll+0x5c5b4]


---------------  P R O C E S S  ---------------

Java Threads: ( => current thread )

Other Threads:
  0x000001bad0ba0000 GCTaskThread "GC Thread#0" [stack: 0x00000011c3000000,0x00000011c3100000] [id=3740]
  0x000001bad0ba1800 GCTaskThread "GC Thread#1" [stack: 0x00000011c3100000,0x00000011c3200000] [id=4468]
  0x000001bad0bde000 ConcurrentGCThread "G1 Main Marker" [stack: 0x00000011c3500000,0x00000011c3600000] [id=3948]
  0x000001bad0be1000 ConcurrentGCThread "G1 Marker#0" [stack: 0x00000011c3600000,0x00000011c3700000] [id=7800]
  0x000001bad0ba5800 ConcurrentGCThread "G1 Refine#0" [stack: 0x00000011c3300000,0x00000011c3400000] [id=7464]
  0x000001bad0ba3000 ConcurrentGCThread "G1 Refine#1" [stack: 0x00000011c3200000,0x00000011c3300000] [id=8168]
  0x000001bad0ba7000 ConcurrentGCThread "G1 Young RemSet Sampling" [stack: 0x00000011c3400000,0x00000011c3500000] [id=2440]

=>0x000001bad0b8a000 (exited) JavaThread "Unknown thread" [_thread_in_vm, id=4860, stack(0x00000011c2f00000,0x00000011c3000000)]

Threads with active compile tasks:

VM state:not at safepoint (not fully initialized)

VM Mutex/Monitor currently owned by a thread:  ([mutex/lock_event])
[0x000001bad0b886e0] Heap_lock - owner thread: 0x000001bad0b8a000

Heap address: 0x00000000c0000000, size: 1024 MB, Compressed Oops mode: Non-zero based: 0x00000000c0000000
Narrow klass base: 0x0000000000000000, Narrow klass shift: 0

GC Heap History (0 events):
No events

Deoptimization events (0 events):
No events

Classes redefined (0 events):
No events

Internal exceptions (0 events):
No events

Events (0 events):
No events


Dynamic libraries:
0x00007ff638a20000 - 0x00007ff638a5e000 	C:\Program Files\Java\jre-9.0.1\bin\java.exe
0x00007ffd6dfd0000 - 0x00007ffd6e191000 	C:\Windows\SYSTEM32\ntdll.dll
0x00007ffd6dbc0000 - 0x00007ffd6dc6d000 	C:\Windows\system32\KERNEL32.DLL
0x00007ffd6b1c0000 - 0x00007ffd6b3a8000 	C:\Windows\system32\KERNELBASE.dll
0x00007ffd6d550000 - 0x00007ffd6d5f7000 	C:\Windows\system32\ADVAPI32.dll
0x00007ffd6b4b0000 - 0x00007ffd6b54d000 	C:\Windows\system32\msvcrt.dll
0x00007ffd6b430000 - 0x00007ffd6b48b000 	C:\Windows\system32\sechost.dll
0x00007ffd6d750000 - 0x00007ffd6d86c000 	C:\Windows\system32\RPCRT4.dll
0x00007ffd6d980000 - 0x00007ffd6dad6000 	C:\Windows\system32\USER32.dll
0x00007ffd6d140000 - 0x00007ffd6d2c6000 	C:\Windows\system32\GDI32.dll
0x00007ffd59020000 - 0x00007ffd59294000 	C:\Windows\WinSxS\amd64_microsoft.windows.common-controls_6595b64144ccf1df_6.0.10586.0_none_8c15ae12515e1c22\COMCTL32.dll
0x00007ffd69930000 - 0x00007ffd6993a000 	C:\Windows\SYSTEM32\VERSION.dll
0x00007ffd6d2d0000 - 0x00007ffd6d54d000 	C:\Windows\system32\combase.dll
0x00007ffd6af20000 - 0x00007ffd6af8a000 	C:\Windows\system32\bcryptPrimitives.dll
0x00007ffd6de30000 - 0x00007ffd6de6b000 	C:\Windows\system32\IMM32.DLL
0x00007ffd6a4f0000 - 0x00007ffd6a515000 	C:\Windows\system32\vmwsci.dll
0x00007ffd6dc70000 - 0x00007ffd6dc78000 	C:\Windows\system32\PSAPI.DLL
0x00007ffd5b9a0000 - 0x00007ffd5ba8f000 	C:\Program Files\Java\jre-9.0.1\bin\msvcr120.dll
0x00007ffd5b8f0000 - 0x00007ffd5b996000 	C:\Program Files\Java\jre-9.0.1\bin\msvcp120.dll
0x0000000053300000 - 0x0000000053d24000 	C:\Program Files\Java\jre-9.0.1\bin\server\jvm.dll
0x00007ffd60710000 - 0x00007ffd60719000 	C:\Windows\SYSTEM32\WSOCK32.dll
0x00007ffd6b550000 - 0x00007ffd6b5bb000 	C:\Windows\system32\WS2_32.dll
0x00007ffd68ab0000 - 0x00007ffd68ad3000 	C:\Windows\SYSTEM32\WINMM.dll
0x00007ffd689d0000 - 0x00007ffd689fc000 	C:\Windows\SYSTEM32\WINMMBASE.dll
0x00007ffd6aed0000 - 0x00007ffd6af13000 	C:\Windows\system32\cfgmgr32.dll
0x00007ffd68ae0000 - 0x00007ffd68aef000 	C:\Program Files\Java\jre-9.0.1\bin\verify.dll
0x00007ffd5eb20000 - 0x00007ffd5eb47000 	C:\Program Files\Java\jre-9.0.1\bin\java.dll
0x00007ffd65c80000 - 0x00007ffd65c96000 	C:\Program Files\Java\jre-9.0.1\bin\zip.dll
0x00007ffd68350000 - 0x00007ffd6835a000 	C:\Program Files\Java\jre-9.0.1\bin\jimage.dll
0x00007ffd65990000 - 0x00007ffd65b1c000 	C:\Windows\SYSTEM32\dbghelp.dll

VM Arguments:
jvm_args: -Dclassworlds.conf=C:\apache-maven\bin\..\bin\m2.conf -Dmaven.home=C:\apache-maven\bin\.. -Dlibrary.jansi.path=C:\apache-maven\bin\..\lib\jansi-native -Dmaven.multiModuleProjectDirectory=c:\web_lab3\enroller-fullstack 
java_command: org.codehaus.plexus.classworlds.launcher.Launcher help:effective-pom -Doutput=C:\Users\Student16\AppData\Roaming\Code\User\workspaceStorage\56321f419ded147c076bc132d38081fd\vscjava.vscode-maven\59061640d11fadc025e879a8a832aebc -f c:\web_lab3\enroller-fullstack\pom.xml
java_class_path (initial): C:\apache-maven\bin\..\boot\plexus-classworlds-2.5.2.jar
Launcher Type: SUN_STANDARD

Logging:
Log output configuration:
#0: stdout all=warning uptime,level,tags
#1: stderr all=off uptime,level,tags

Environment Variables:
JAVA_HOME=C:\Program Files\Java\jre-9.0.1
PATH=C:\Program Files\Python37\Scripts\;C:\Program Files\Python37\;C:\Windows;C:\Windows\system32;C:\Windows\System32\Wbem;C:\Windows\System32\WindowsPowerShell\v1.0\;C:\ProgramData\Oracle\Java\javapath;C:\xampp\php;C:\ProgramData\ComposerSetup\bin;C:\Program Files (x86)\Yarn\bin;C:\xampp\mysql\bin;C:\Program Files\PostgreSQL\10\bin;C:\apache-maven\bin;C:\gradle\bin;C:\Program Files\Java\jdk-9.0.1\bin;C:\Program Files\Java\jre-9.0.1\bin;C:\Program Files\Git\cmd;C:\Program Files\Git\mingw64\bin;C:\Program Files\Git\usr\bin;C:\Program Files\Microsoft VS Code\bin;C:\Program Files\Common Files\ThinPrint\;C:\npm;C:\Program Files\nodejs\
USERNAME=Student16
OS=Windows_NT
PROCESSOR_IDENTIFIER=Intel64 Family 6 Model 44 Stepping 2, GenuineIntel



---------------  S Y S T E M  ---------------

OS: Windows 10 , 64 bit Build 10586 (10.0.10586.0)

CPU:total 2 (initial active 2) (1 cores per cpu, 1 threads per core) family 6 model 44 stepping 2, cmov, cx8, fxsr, mmx, sse, sse2, sse3, ssse3, sse4.1, sse4.2, popcnt, aes, clmul, tsc, tscinvbit, tscinv

Memory: 4k page, physical 4193844k(1122680k free), swap 4717836k(64240k free)

vm_info: Java HotSpot(TM) 64-Bit Server VM (9.0.1+11) for windows-amd64 JRE (9.0.1+11), built on Sep 28 2017 04:54:03 by "mach5one" with MS VC++ 12.0 (VS2013)

END.
